<?xml version="1.0" encoding="UTF-8"?>
<testsuite name="taxipark.TestTask1FakeDrivers" tests="7" skipped="0" failures="0" errors="0" timestamp="2020-04-20T08:30:32" hostname="ammar-J" time="0.014">
  <properties/>
  <testcase name="test0" classname="taxipark.TestTask1FakeDrivers" time="0.001"/>
  <testcase name="test1" classname="taxipark.TestTask1FakeDrivers" time="0.001"/>
  <testcase name="test2" classname="taxipark.TestTask1FakeDrivers" time="0.001"/>
  <testcase name="test3" classname="taxipark.TestTask1FakeDrivers" time="0.001"/>
  <testcase name="test4" classname="taxipark.TestTask1FakeDrivers" time="0.002"/>
  <testcase name="test5" classname="taxipark.TestTask1FakeDrivers" time="0.002"/>
  <testcase name="test6" classname="taxipark.TestTask1FakeDrivers" time="0.002"/>
  <system-out><![CDATA[[]
[Driver(name=D-1)]
[Driver(name=D-2), Driver(name=D-1), Driver(name=D-0)]
[Driver(name=D-3), Driver(name=D-1)]
[Driver(name=D-6), Driver(name=D-7), Driver(name=D-9), Driver(name=D-3), Driver(name=D-2)]
[Driver(name=D-3), Driver(name=D-17), Driver(name=D-1), Driver(name=D-5), Driver(name=D-10), Driver(name=D-13), Driver(name=D-12), Driver(name=D-9), Driver(name=D-6), Driver(name=D-4), Driver(name=D-19), Driver(name=D-0)]
[Driver(name=D-8), Driver(name=D-9), Driver(name=D-6), Driver(name=D-1), Driver(name=D-4), Driver(name=D-3), Driver(name=D-0), Driver(name=D-2)]
]]></system-out>
  <system-err><![CDATA[]]></system-err>
</testsuite>
